{"/Users/valerialukovkina/Desktop/OTUS/Lessons/lesson5_testing/purchase.js": {"path":"/Users/valerialukovkina/Desktop/OTUS/Lessons/lesson5_testing/purchase.js","all":false,"statementMap":{"0":{"start":{"line":1,"column":0},"end":{"line":1,"column":30}},"1":{"start":{"line":2,"column":0},"end":{"line":2,"column":29}},"2":{"start":{"line":3,"column":0},"end":{"line":3,"column":46}},"3":{"start":{"line":4,"column":0},"end":{"line":4,"column":40}},"4":{"start":{"line":5,"column":0},"end":{"line":5,"column":54}},"5":{"start":{"line":6,"column":0},"end":{"line":6,"column":36}},"6":{"start":{"line":7,"column":0},"end":{"line":7,"column":12}},"7":{"start":{"line":8,"column":0},"end":{"line":8,"column":35}},"8":{"start":{"line":9,"column":0},"end":{"line":9,"column":5}},"9":{"start":{"line":10,"column":0},"end":{"line":10,"column":1}}},"s":{"0":1,"1":1,"2":1,"3":1,"4":1,"5":1,"6":1,"7":1,"8":1,"9":1},"branchMap":{"0":{"type":"branch","line":6,"loc":{"start":{"line":6,"column":-1},"end":{"line":10,"column":1}},"locations":[{"start":{"line":6,"column":-1},"end":{"line":10,"column":1}}]}},"b":{"0":[1]},"fnMap":{},"f":{}}
,"/Users/valerialukovkina/Desktop/OTUS/Lessons/lesson5_testing/sum.js": {"path":"/Users/valerialukovkina/Desktop/OTUS/Lessons/lesson5_testing/sum.js","all":false,"statementMap":{"0":{"start":{"line":1,"column":0},"end":{"line":1,"column":28}},"1":{"start":{"line":2,"column":0},"end":{"line":2,"column":17}},"2":{"start":{"line":3,"column":0},"end":{"line":3,"column":1}}},"s":{"0":1,"1":1,"2":1},"branchMap":{},"b":{},"fnMap":{},"f":{}}
}
